2013-04-20 00:06:42,574 ERROR [main] - org.scala-ide.sdt.core - org.scala-ide.sdt.core - org.scala-ide.sdt.core - 0 - Error during askOption
scala.reflect.internal.FatalError: Unknown type: <error>, <error> [class scala.reflect.internal.Types$ErrorType$, class scala.reflect.internal.Types$ErrorType$] TypeRef? false
	at scala.reflect.internal.SymbolTable.abort(SymbolTable.scala:49)
	at scala.tools.nsc.Global.abort(Global.scala:253)
	at scala.tools.nsc.backend.icode.TypeKinds$class.toTypeKind(TypeKinds.scala:397)
	at scala.tools.nsc.backend.icode.ICodes.toTypeKind(ICodes.scala:20)
	at scala.tools.nsc.backend.icode.TypeKinds$class.scala$tools$nsc$backend$icode$TypeKinds$$arrayOrClassType(TypeKinds.scala:406)
	at scala.tools.nsc.backend.icode.TypeKinds$$anonfun$primitiveOrClassType$1.apply(TypeKinds.scala:433)
	at scala.tools.nsc.backend.icode.TypeKinds$$anonfun$primitiveOrClassType$1.apply(TypeKinds.scala:433)
	at scala.collection.MapLike$class.getOrElse(MapLike.scala:128)
	at scala.collection.AbstractMap.getOrElse(Map.scala:58)
	at scala.tools.nsc.backend.icode.TypeKinds$class.primitiveOrClassType(TypeKinds.scala:433)
	at scala.tools.nsc.backend.icode.TypeKinds$class.toTypeKind(TypeKinds.scala:383)
	at scala.tools.nsc.backend.icode.ICodes.toTypeKind(ICodes.scala:20)
	at scala.tools.nsc.backend.jvm.GenJVMUtil$BytecodeUtil$class.javaType(GenJVMUtil.scala:100)
	at scala.tools.eclipse.JVMUtils$$anon$1.javaType(JVMUtils.scala:15)
	at scala.tools.eclipse.JVMUtils$class.javaType(JVMUtils.scala:38)
	at scala.tools.eclipse.ScalaPresentationCompiler.javaType(ScalaPresentationCompiler.scala:35)
	at scala.tools.eclipse.javaelements.ScalaJavaMapper$class.mapParamTypeSignature(ScalaJavaMapper.scala:244)
	at scala.tools.eclipse.ScalaPresentationCompiler.mapParamTypeSignature(ScalaPresentationCompiler.scala:35)
	at scala.tools.eclipse.javaelements.ScalaStructureBuilder$StructureBuilderTraverser$DefOwner$$anonfun$13.apply(ScalaStructureBuilder.scala:673)
	at scala.tools.eclipse.javaelements.ScalaStructureBuilder$StructureBuilderTraverser$DefOwner$$anonfun$13.apply(ScalaStructureBuilder.scala:673)
	at scala.collection.TraversableLike$$anonfun$map$1.apply(TraversableLike.scala:244)
	at scala.collection.TraversableLike$$anonfun$map$1.apply(TraversableLike.scala:244)
	at scala.collection.immutable.List.foreach(List.scala:318)
	at scala.collection.TraversableLike$class.map(TraversableLike.scala:244)
	at scala.collection.AbstractTraversable.map(Traversable.scala:105)
	at scala.tools.eclipse.javaelements.ScalaStructureBuilder$StructureBuilderTraverser$DefOwner$class.addDef(ScalaStructureBuilder.scala:673)
	at scala.tools.eclipse.javaelements.ScalaStructureBuilder$StructureBuilderTraverser$Builder.addDef(ScalaStructureBuilder.scala:871)
	at scala.tools.eclipse.javaelements.ScalaStructureBuilder$StructureBuilderTraverser$DefOwner$class.addDef(ScalaStructureBuilder.scala:658)
	at scala.tools.eclipse.javaelements.ScalaStructureBuilder$StructureBuilderTraverser$Builder.addDef(ScalaStructureBuilder.scala:871)
	at scala.tools.eclipse.javaelements.ScalaStructureBuilder$StructureBuilderTraverser$TreeTraverser.traverse(ScalaStructureBuilder.scala:943)
	at scala.tools.eclipse.javaelements.ScalaStructureBuilder$StructureBuilderTraverser$TreeTraverser$$anonfun$traverse$1.apply(ScalaStructureBuilder.scala:950)
	at scala.tools.eclipse.javaelements.ScalaStructureBuilder$StructureBuilderTraverser$TreeTraverser$$anonfun$traverse$1.apply(ScalaStructureBuilder.scala:950)
	at scala.collection.immutable.List.foreach(List.scala:318)
	at scala.tools.eclipse.javaelements.ScalaStructureBuilder$StructureBuilderTraverser$TreeTraverser.traverse(ScalaStructureBuilder.scala:950)
	at scala.tools.eclipse.javaelements.ScalaStructureBuilder$StructureBuilderTraverser$TreeTraverser$$anonfun$traverse$1.apply(ScalaStructureBuilder.scala:950)
	at scala.tools.eclipse.javaelements.ScalaStructureBuilder$StructureBuilderTraverser$TreeTraverser$$anonfun$traverse$1.apply(ScalaStructureBuilder.scala:950)
	at scala.collection.immutable.List.foreach(List.scala:318)
	at scala.tools.eclipse.javaelements.ScalaStructureBuilder$StructureBuilderTraverser$TreeTraverser.traverse(ScalaStructureBuilder.scala:950)
	at scala.tools.eclipse.javaelements.ScalaStructureBuilder$StructureBuilderTraverser$TreeTraverser$$anonfun$traverse$1.apply(ScalaStructureBuilder.scala:950)
	at scala.tools.eclipse.javaelements.ScalaStructureBuilder$StructureBuilderTraverser$TreeTraverser$$anonfun$traverse$1.apply(ScalaStructureBuilder.scala:950)
	at scala.collection.immutable.List.foreach(List.scala:318)
	at scala.tools.eclipse.javaelements.ScalaStructureBuilder$StructureBuilderTraverser$TreeTraverser.traverse(ScalaStructureBuilder.scala:950)
	at scala.tools.eclipse.javaelements.ScalaStructureBuilder$StructureBuilderTraverser.traverse(ScalaStructureBuilder.scala:903)
	at scala.tools.eclipse.javaelements.ScalaCompilationUnit$$anonfun$buildStructure$2$$anonfun$apply$5$$anonfun$apply$1.apply$mcV$sp(ScalaCompilationUnit.scala:89)
	at scala.tools.eclipse.javaelements.ScalaCompilationUnit$$anonfun$buildStructure$2$$anonfun$apply$5$$anonfun$apply$1.apply(ScalaCompilationUnit.scala:88)
	at scala.tools.eclipse.javaelements.ScalaCompilationUnit$$anonfun$buildStructure$2$$anonfun$apply$5$$anonfun$apply$1.apply(ScalaCompilationUnit.scala:88)
	at scala.tools.nsc.util.InterruptReq.execute(InterruptReq.scala:26)
	at scala.tools.nsc.interactive.Global.pollForWork(Global.scala:340)
	at scala.tools.nsc.interactive.PresentationCompilerThread.run(PresentationCompilerThread.scala:22)
